2022-08-15 13:44:13,000 DEBUG    root            Loaded Command Group: ['gcloud', 'components']
2022-08-15 13:44:13,003 DEBUG    root            Loaded Command Group: ['gcloud', 'components', 'update']
2022-08-15 13:44:13,006 DEBUG    root            Running [gcloud.components.update] with arguments: [--quiet: "True", COMPONENT-IDS:8: "['gcloud', 'core', 'bq', 'gsutil', 'compute', 'preview', 'alpha', 'beta']"]
2022-08-15 13:44:13,012 INFO     ___FILE_ONLY___ Beginning update. This process may take several minutes.

2022-08-15 13:44:13,017 DEBUG    urllib3.connectionpool Starting new HTTPS connection (1): dl.google.com:443
2022-08-15 13:44:13,040 DEBUG    urllib3.connectionpool https://dl.google.com:443 "GET /dl/cloudsdk/channels/rapid/components-2.json HTTP/1.1" 200 201563
2022-08-15 13:44:13,059 WARNING  root            Component [preview] no longer exists.
2022-08-15 13:44:13,060 WARNING  root            Component [compute] no longer exists.
2022-08-15 13:44:13,061 INFO     ___FILE_ONLY___ 

2022-08-15 13:44:13,061 INFO     ___FILE_ONLY___ 
Your current Google Cloud CLI version is: 397.0.0

2022-08-15 13:44:13,061 INFO     ___FILE_ONLY___ Installing components from version: 397.0.0

2022-08-15 13:44:13,062 INFO     ___FILE_ONLY___ 

2022-08-15 13:44:13,065 INFO     ___FILE_ONLY___ ┌──────────────────────────────────────────────┐
2022-08-15 13:44:13,065 INFO     ___FILE_ONLY___ 

2022-08-15 13:44:13,065 INFO     ___FILE_ONLY___ │     These components will be installed.      │
2022-08-15 13:44:13,065 INFO     ___FILE_ONLY___ 

2022-08-15 13:44:13,065 INFO     ___FILE_ONLY___ ├───────────────────────┬────────────┬─────────┤
2022-08-15 13:44:13,065 INFO     ___FILE_ONLY___ 

2022-08-15 13:44:13,065 INFO     ___FILE_ONLY___ │          Name         │  Version   │   Size  │
2022-08-15 13:44:13,065 INFO     ___FILE_ONLY___ 

2022-08-15 13:44:13,065 INFO     ___FILE_ONLY___ ├───────────────────────┼────────────┼─────────┤
2022-08-15 13:44:13,065 INFO     ___FILE_ONLY___ 

2022-08-15 13:44:13,065 INFO     ___FILE_ONLY___ │ 
2022-08-15 13:44:13,065 INFO     ___FILE_ONLY___ gcloud Alpha Commands
2022-08-15 13:44:13,066 INFO     ___FILE_ONLY___  
2022-08-15 13:44:13,066 INFO     ___FILE_ONLY___ │ 
2022-08-15 13:44:13,066 INFO     ___FILE_ONLY___ 2022.08.05
2022-08-15 13:44:13,066 INFO     ___FILE_ONLY___  
2022-08-15 13:44:13,066 INFO     ___FILE_ONLY___ │ 
2022-08-15 13:44:13,066 INFO     ___FILE_ONLY___ < 1 MiB
2022-08-15 13:44:13,066 INFO     ___FILE_ONLY___  
2022-08-15 13:44:13,066 INFO     ___FILE_ONLY___ │
2022-08-15 13:44:13,066 INFO     ___FILE_ONLY___ 

2022-08-15 13:44:13,066 INFO     ___FILE_ONLY___ │ 
2022-08-15 13:44:13,066 INFO     ___FILE_ONLY___ gcloud Beta Commands 
2022-08-15 13:44:13,066 INFO     ___FILE_ONLY___  
2022-08-15 13:44:13,066 INFO     ___FILE_ONLY___ │ 
2022-08-15 13:44:13,066 INFO     ___FILE_ONLY___ 2022.08.05
2022-08-15 13:44:13,067 INFO     ___FILE_ONLY___  
2022-08-15 13:44:13,067 INFO     ___FILE_ONLY___ │ 
2022-08-15 13:44:13,067 INFO     ___FILE_ONLY___ < 1 MiB
2022-08-15 13:44:13,067 INFO     ___FILE_ONLY___  
2022-08-15 13:44:13,067 INFO     ___FILE_ONLY___ │
2022-08-15 13:44:13,067 INFO     ___FILE_ONLY___ 

2022-08-15 13:44:13,067 INFO     ___FILE_ONLY___ └───────────────────────┴────────────┴─────────┘
2022-08-15 13:44:13,067 INFO     ___FILE_ONLY___ 

2022-08-15 13:44:13,067 INFO     ___FILE_ONLY___ 

2022-08-15 13:44:13,069 DEBUG    urllib3.connectionpool Starting new HTTPS connection (1): dl.google.com:443
2022-08-15 13:44:13,094 DEBUG    urllib3.connectionpool https://dl.google.com:443 "GET /dl/cloudsdk/channels/rapid/RELEASE_NOTES HTTP/1.1" 200 849273
2022-08-15 13:44:13,129 INFO     ___FILE_ONLY___ For the latest full release notes, please visit:
  https://cloud.google.com/sdk/release_notes


2022-08-15 13:44:13,135 INFO     ___FILE_ONLY___ ╔════════════════════════════════════════════════════════════╗

2022-08-15 13:44:13,136 INFO     ___FILE_ONLY___ ╠═ Creating update staging area                             ═╣

2022-08-15 13:44:13,136 INFO     ___FILE_ONLY___ ╚
2022-08-15 13:44:13,136 INFO     ___FILE_ONLY___ ══════
2022-08-15 13:44:13,704 INFO     ___FILE_ONLY___ ══════
2022-08-15 13:44:13,704 INFO     ___FILE_ONLY___ ══════
2022-08-15 13:44:13,929 INFO     ___FILE_ONLY___ ═
2022-08-15 13:44:13,978 INFO     ___FILE_ONLY___ ═
2022-08-15 13:44:14,031 INFO     ___FILE_ONLY___ ═
2022-08-15 13:44:14,109 INFO     ___FILE_ONLY___ ═
2022-08-15 13:44:14,173 INFO     ___FILE_ONLY___ ═
2022-08-15 13:44:14,231 INFO     ___FILE_ONLY___ ═
2022-08-15 13:44:14,305 INFO     ___FILE_ONLY___ ═
2022-08-15 13:44:14,348 INFO     ___FILE_ONLY___ ═
2022-08-15 13:44:14,409 INFO     ___FILE_ONLY___ ═
2022-08-15 13:44:14,514 INFO     ___FILE_ONLY___ ═
2022-08-15 13:44:14,593 INFO     ___FILE_ONLY___ ═
2022-08-15 13:44:14,654 INFO     ___FILE_ONLY___ ═
2022-08-15 13:44:14,717 INFO     ___FILE_ONLY___ ═
2022-08-15 13:44:14,806 INFO     ___FILE_ONLY___ ═
2022-08-15 13:44:14,870 INFO     ___FILE_ONLY___ ═
2022-08-15 13:44:14,945 INFO     ___FILE_ONLY___ ═
2022-08-15 13:44:15,017 INFO     ___FILE_ONLY___ ═
2022-08-15 13:44:15,085 INFO     ___FILE_ONLY___ ═
2022-08-15 13:44:15,264 INFO     ___FILE_ONLY___ ═
2022-08-15 13:44:15,327 INFO     ___FILE_ONLY___ ═
2022-08-15 13:44:15,396 INFO     ___FILE_ONLY___ ═
2022-08-15 13:44:15,457 INFO     ___FILE_ONLY___ ═
2022-08-15 13:44:15,525 INFO     ___FILE_ONLY___ ═
2022-08-15 13:44:15,581 INFO     ___FILE_ONLY___ ═
2022-08-15 13:44:15,665 INFO     ___FILE_ONLY___ ═
2022-08-15 13:44:15,733 INFO     ___FILE_ONLY___ ═
2022-08-15 13:44:15,812 INFO     ___FILE_ONLY___ ═
2022-08-15 13:44:15,878 INFO     ___FILE_ONLY___ ═
2022-08-15 13:44:15,935 INFO     ___FILE_ONLY___ ═
2022-08-15 13:44:15,993 INFO     ___FILE_ONLY___ ═
2022-08-15 13:44:16,068 INFO     ___FILE_ONLY___ ═
2022-08-15 13:44:16,121 INFO     ___FILE_ONLY___ ═
2022-08-15 13:44:16,196 INFO     ___FILE_ONLY___ ═
2022-08-15 13:44:16,258 INFO     ___FILE_ONLY___ ═
2022-08-15 13:44:16,314 INFO     ___FILE_ONLY___ ═
2022-08-15 13:44:16,367 INFO     ___FILE_ONLY___ ═
2022-08-15 13:44:16,425 INFO     ___FILE_ONLY___ ═
2022-08-15 13:44:16,482 INFO     ___FILE_ONLY___ ═
2022-08-15 13:44:16,536 INFO     ___FILE_ONLY___ ═
2022-08-15 13:44:16,600 INFO     ___FILE_ONLY___ ═
2022-08-15 13:44:16,647 INFO     ___FILE_ONLY___ ═
2022-08-15 13:44:16,705 INFO     ___FILE_ONLY___ ═
2022-08-15 13:44:16,705 INFO     ___FILE_ONLY___ ╝

2022-08-15 13:44:19,769 INFO     ___FILE_ONLY___ ╔════════════════════════════════════════════════════════════╗

2022-08-15 13:44:19,770 INFO     ___FILE_ONLY___ ╠═ Installing: gcloud Alpha Commands                        ═╣

2022-08-15 13:44:19,770 INFO     ___FILE_ONLY___ ╚
2022-08-15 13:44:19,774 DEBUG    urllib3.connectionpool Starting new HTTPS connection (1): dl.google.com:443
2022-08-15 13:44:19,794 DEBUG    urllib3.connectionpool https://dl.google.com:443 "GET /dl/cloudsdk/channels/rapid/components/google-cloud-sdk-alpha-20220805142045.tar.gz HTTP/1.1" 200 800
2022-08-15 13:44:19,795 INFO     ___FILE_ONLY___ ══════════════════════════════
2022-08-15 13:44:19,797 INFO     ___FILE_ONLY___ ══════════════════════════════
2022-08-15 13:44:19,798 INFO     ___FILE_ONLY___ ╝

2022-08-15 13:44:19,809 INFO     ___FILE_ONLY___ ╔════════════════════════════════════════════════════════════╗

2022-08-15 13:44:19,809 INFO     ___FILE_ONLY___ ╠═ Installing: gcloud Beta Commands                         ═╣

2022-08-15 13:44:19,809 INFO     ___FILE_ONLY___ ╚
2022-08-15 13:44:19,813 DEBUG    urllib3.connectionpool Starting new HTTPS connection (1): dl.google.com:443
2022-08-15 13:44:19,835 DEBUG    urllib3.connectionpool https://dl.google.com:443 "GET /dl/cloudsdk/channels/rapid/components/google-cloud-sdk-beta-20220805142045.tar.gz HTTP/1.1" 200 797
2022-08-15 13:44:19,836 INFO     ___FILE_ONLY___ ══════════════════════════════
2022-08-15 13:44:19,837 INFO     ___FILE_ONLY___ ══════════════════════════════
2022-08-15 13:44:19,837 INFO     ___FILE_ONLY___ ╝

2022-08-15 13:44:19,848 INFO     ___FILE_ONLY___ ╔════════════════════════════════════════════════════════════╗

2022-08-15 13:44:19,848 INFO     ___FILE_ONLY___ ╠═ Creating backup and activating new installation          ═╣

2022-08-15 13:44:19,848 INFO     ___FILE_ONLY___ ╚
2022-08-15 13:44:19,849 DEBUG    root            Attempting to move directory [/tools/google-cloud-sdk] to [/tools/google-cloud-sdk.staging/.install/.backup]
2022-08-15 13:44:19,849 INFO     ___FILE_ONLY___ ══════════════════════════════
2022-08-15 13:44:19,849 DEBUG    root            Attempting to move directory [/tools/google-cloud-sdk.staging] to [/tools/google-cloud-sdk]
2022-08-15 13:44:19,849 INFO     ___FILE_ONLY___ ══════════════════════════════
2022-08-15 13:44:19,849 INFO     ___FILE_ONLY___ ╝

2022-08-15 13:44:19,854 DEBUG    root            Updating notification cache...
2022-08-15 13:44:19,854 INFO     ___FILE_ONLY___ 

2022-08-15 13:44:19,859 INFO     ___FILE_ONLY___ Performing post processing steps...
2022-08-15 13:44:19,860 DEBUG    root            Executing command: ['python3', '-S', '/tools/google-cloud-sdk/lib/gcloud.py', 'components', 'post-process']
2022-08-15 13:44:39,549 DEBUG    ___FILE_ONLY___ 
2022-08-15 13:44:39,549 DEBUG    ___FILE_ONLY___ 
2022-08-15 13:44:39,640 INFO     ___FILE_ONLY___ 
Update done!


2022-08-15 13:44:39,644 INFO     root            Display format: "none"
